\BOOKMARK [0][-]{chapter.1}{序論}{}% 1
\BOOKMARK [0][-]{chapter.2}{背景}{}% 2
\BOOKMARK [1][-]{section.2.1}{研究背景}{chapter.2}% 3
\BOOKMARK [1][-]{section.2.2}{Wikipediaとは}{chapter.2}% 4
\BOOKMARK [1][-]{section.2.3}{ビッグデータとは}{chapter.2}% 5
\BOOKMARK [0][-]{chapter.3}{目的}{}% 6
\BOOKMARK [0][-]{chapter.4}{手法}{}% 7
\BOOKMARK [1][-]{section.4.1}{VirtualBoxとは}{chapter.4}% 8
\BOOKMARK [1][-]{section.4.2}{VirtualBoxのインストール}{chapter.4}% 9
\BOOKMARK [1][-]{section.4.3}{用語}{chapter.4}% 10
\BOOKMARK [1][-]{section.4.4}{Ubuntuとは}{chapter.4}% 11
\BOOKMARK [1][-]{section.4.5}{Ubuntuのインストール}{chapter.4}% 12
\BOOKMARK [1][-]{section.4.6}{端末}{chapter.4}% 13
\BOOKMARK [1][-]{section.4.7}{MySQL}{chapter.4}% 14
\BOOKMARK [1][-]{section.4.8}{Wikipediaの編集履歴データの取得}{chapter.4}% 15
\BOOKMARK [0][-]{chapter.5}{結果}{}% 16
\BOOKMARK [1][-]{section.5.1}{Wikipediaの履歴の調査}{chapter.5}% 17
\BOOKMARK [0][-]{chapter.6}{考察}{}% 18
\BOOKMARK [0][-]{chapter.7}{結論}{}% 19
\BOOKMARK [0][-]{chapter*.3}{参考文献}{}% 20
